/bin/sh ../libtool  --tag=CXX   --mode=compile g++ -DHAVE_CONFIG_H -I. -I..    -I../include -I/opt/boost/include -pthread -g -O2 -MT libutil_la-timestamp.lo -MD -MP -MF .deps/libutil_la-timestamp.Tpo -c -o libutil_la-timestamp.lo `test -f 'timestamp.cpp' || echo './'`timestamp.cpp
libtool: compile:  g++ -DHAVE_CONFIG_H -I. -I.. -I../include -I/opt/boost/include -pthread -g -O2 -MT libutil_la-timestamp.lo -MD -MP -MF .deps/libutil_la-timestamp.Tpo -c timestamp.cpp  -fPIC -DPIC -o .libs/libutil_la-timestamp.o
mv -f .deps/libutil_la-timestamp.Tpo .deps/libutil_la-timestamp.Plo
/bin/sh ../libtool  --tag=CXX   --mode=compile g++ -DHAVE_CONFIG_H -I. -I..    -I../include -I/opt/boost/include -pthread -g -O2 -MT libutil_la-path.lo -MD -MP -MF .deps/libutil_la-path.Tpo -c -o libutil_la-path.lo `test -f 'path.cpp' || echo './'`path.cpp
libtool: compile:  g++ -DHAVE_CONFIG_H -I. -I.. -I../include -I/opt/boost/include -pthread -g -O2 -MT libutil_la-path.lo -MD -MP -MF .deps/libutil_la-path.Tpo -c path.cpp  -fPIC -DPIC -o .libs/libutil_la-path.o
mv -f .deps/libutil_la-path.Tpo .deps/libutil_la-path.Plo
/bin/sh ../libtool  --tag=CXX   --mode=compile g++ -DHAVE_CONFIG_H -I. -I..    -I../include -I/opt/boost/include -pthread -g -O2 -MT libutil_la-high_res_timer.lo -MD -MP -MF .deps/libutil_la-high_res_timer.Tpo -c -o libutil_la-high_res_timer.lo `test -f 'high_res_timer.cpp' || echo './'`high_res_timer.cpp
libtool: compile:  g++ -DHAVE_CONFIG_H -I. -I.. -I../include -I/opt/boost/include -pthread -g -O2 -MT libutil_la-high_res_timer.lo -MD -MP -MF .deps/libutil_la-high_res_timer.Tpo -c high_res_timer.cpp  -fPIC -DPIC -o .libs/libutil_la-high_res_timer.o
mv -f .deps/libutil_la-high_res_timer.Tpo .deps/libutil_la-high_res_timer.Plo
/bin/sh ../libtool  --tag=CXX   --mode=compile g++ -DHAVE_CONFIG_H -I. -I..    -I../include -I/opt/boost/include -pthread -g -O2 -MT libutil_la-logger.lo -MD -MP -MF .deps/libutil_la-logger.Tpo -c -o libutil_la-logger.lo `test -f 'logger.cpp' || echo './'`logger.cpp
libtool: compile:  g++ -DHAVE_CONFIG_H -I. -I.. -I../include -I/opt/boost/include -pthread -g -O2 -MT libutil_la-logger.lo -MD -MP -MF .deps/libutil_la-logger.Tpo -c logger.cpp  -fPIC -DPIC -o .libs/libutil_la-logger.o
mv -f .deps/libutil_la-logger.Tpo .deps/libutil_la-logger.Plo
/bin/sh ../libtool  --tag=CXX   --mode=compile g++ -DHAVE_CONFIG_H -I. -I..    -I../include -I/opt/boost/include -pthread -g -O2 -MT libutil_la-logger_impl_console.lo -MD -MP -MF .deps/libutil_la-logger_impl_console.Tpo -c -o libutil_la-logger_impl_console.lo `test -f 'logger_impl_console.cpp' || echo './'`logger_impl_console.cpp
libtool: compile:  g++ -DHAVE_CONFIG_H -I. -I.. -I../include -I/opt/boost/include -pthread -g -O2 -MT libutil_la-logger_impl_console.lo -MD -MP -MF .deps/libutil_la-logger_impl_console.Tpo -c logger_impl_console.cpp  -fPIC -DPIC -o .libs/libutil_la-logger_impl_console.o
mv -f .deps/libutil_la-logger_impl_console.Tpo .deps/libutil_la-logger_impl_console.Plo
/bin/sh ../libtool  --tag=CXX   --mode=compile g++ -DHAVE_CONFIG_H -I. -I..    -I../include -I/opt/boost/include -pthread -g -O2 -MT libutil_la-logger_impl.lo -MD -MP -MF .deps/libutil_la-logger_impl.Tpo -c -o libutil_la-logger_impl.lo `test -f 'logger_impl.cpp' || echo './'`logger_impl.cpp
libtool: compile:  g++ -DHAVE_CONFIG_H -I. -I.. -I../include -I/opt/boost/include -pthread -g -O2 -MT libutil_la-logger_impl.lo -MD -MP -MF .deps/libutil_la-logger_impl.Tpo -c logger_impl.cpp  -fPIC -DPIC -o .libs/libutil_la-logger_impl.o
mv -f .deps/libutil_la-logger_impl.Tpo .deps/libutil_la-logger_impl.Plo
/bin/sh ../libtool  --tag=CXX   --mode=compile g++ -DHAVE_CONFIG_H -I. -I..    -I../include -I/opt/boost/include -pthread -g -O2 -MT libutil_la-logger_impl_async_file.lo -MD -MP -MF .deps/libutil_la-logger_impl_async_file.Tpo -c -o libutil_la-logger_impl_async_file.lo `test -f 'logger_impl_async_file.cpp' || echo './'`logger_impl_async_file.cpp
libtool: compile:  g++ -DHAVE_CONFIG_H -I. -I.. -I../include -I/opt/boost/include -pthread -g -O2 -MT libutil_la-logger_impl_async_file.lo -MD -MP -MF .deps/libutil_la-logger_impl_async_file.Tpo -c logger_impl_async_file.cpp  -fPIC -DPIC -o .libs/libutil_la-logger_impl_async_file.o
mv -f .deps/libutil_la-logger_impl_async_file.Tpo .deps/libutil_la-logger_impl_async_file.Plo
/bin/sh ../libtool  --tag=CXX   --mode=compile g++ -DHAVE_CONFIG_H -I. -I..    -I../include -I/opt/boost/include -pthread -g -O2 -MT libutil_la-logger_impl_syslog.lo -MD -MP -MF .deps/libutil_la-logger_impl_syslog.Tpo -c -o libutil_la-logger_impl_syslog.lo `test -f 'logger_impl_syslog.cpp' || echo './'`logger_impl_syslog.cpp
libtool: compile:  g++ -DHAVE_CONFIG_H -I. -I.. -I../include -I/opt/boost/include -pthread -g -O2 -MT libutil_la-logger_impl_syslog.lo -MD -MP -MF .deps/libutil_la-logger_impl_syslog.Tpo -c logger_impl_syslog.cpp  -fPIC -DPIC -o .libs/libutil_la-logger_impl_syslog.o
mv -f .deps/libutil_la-logger_impl_syslog.Tpo .deps/libutil_la-logger_impl_syslog.Plo
/bin/sh ../libtool  --tag=CXX   --mode=compile g++ -DHAVE_CONFIG_H -I. -I..    -I../include -I/opt/boost/include -pthread -g -O2 -MT libutil_la-synch.lo -MD -MP -MF .deps/libutil_la-synch.Tpo -c -o libutil_la-synch.lo `test -f 'synch.cpp' || echo './'`synch.cpp
libtool: compile:  g++ -DHAVE_CONFIG_H -I. -I.. -I../include -I/opt/boost/include -pthread -g -O2 -MT libutil_la-synch.lo -MD -MP -MF .deps/libutil_la-synch.Tpo -c synch.cpp  -fPIC -DPIC -o .libs/libutil_la-synch.o
mv -f .deps/libutil_la-synch.Tpo .deps/libutil_la-synch.Plo
/bin/sh ../libtool  --tag=CXX   --mode=compile g++ -DHAVE_CONFIG_H -I. -I..    -I../include -I/opt/boost/include -pthread -g -O2 -MT libutil_la-convert.lo -MD -MP -MF .deps/libutil_la-convert.Tpo -c -o libutil_la-convert.lo `test -f 'convert.cpp' || echo './'`convert.cpp
libtool: compile:  g++ -DHAVE_CONFIG_H -I. -I.. -I../include -I/opt/boost/include -pthread -g -O2 -MT libutil_la-convert.lo -MD -MP -MF .deps/libutil_la-convert.Tpo -c convert.cpp  -fPIC -DPIC -o .libs/libutil_la-convert.o
mv -f .deps/libutil_la-convert.Tpo .deps/libutil_la-convert.Plo
/bin/sh ../libtool  --tag=CXX   --mode=compile g++ -DHAVE_CONFIG_H -I. -I..    -I../include -I/opt/boost/include -pthread -g -O2 -MT libutil_la-url.lo -MD -MP -MF .deps/libutil_la-url.Tpo -c -o libutil_la-url.lo `test -f 'url.cpp' || echo './'`url.cpp
libtool: compile:  g++ -DHAVE_CONFIG_H -I. -I.. -I../include -I/opt/boost/include -pthread -g -O2 -MT libutil_la-url.lo -MD -MP -MF .deps/libutil_la-url.Tpo -c url.cpp  -fPIC -DPIC -o .libs/libutil_la-url.o
mv -f .deps/libutil_la-url.Tpo .deps/libutil_la-url.Plo
/bin/sh ../libtool  --tag=CXX   --mode=compile g++ -DHAVE_CONFIG_H -I. -I..    -I../include -I/opt/boost/include -pthread -g -O2 -MT libutil_la-config_validator.lo -MD -MP -MF .deps/libutil_la-config_validator.Tpo -c -o libutil_la-config_validator.lo `test -f 'config_validator.cpp' || echo './'`config_validator.cpp
libtool: compile:  g++ -DHAVE_CONFIG_H -I. -I.. -I../include -I/opt/boost/include -pthread -g -O2 -MT libutil_la-config_validator.lo -MD -MP -MF .deps/libutil_la-config_validator.Tpo -c config_validator.cpp  -fPIC -DPIC -o .libs/libutil_la-config_validator.o
mv -f .deps/libutil_la-config_validator.Tpo .deps/libutil_la-config_validator.Plo
/bin/sh ../libtool  --tag=CXX   --mode=compile g++ -DHAVE_CONFIG_H -I. -I..    -I../include -I/opt/boost/include -pthread -g -O2 -MT libutil_la-logger_impl_file.lo -MD -MP -MF .deps/libutil_la-logger_impl_file.Tpo -c -o libutil_la-logger_impl_file.lo `test -f 'logger_impl_file.cpp' || echo './'`logger_impl_file.cpp
libtool: compile:  g++ -DHAVE_CONFIG_H -I. -I.. -I../include -I/opt/boost/include -pthread -g -O2 -MT libutil_la-logger_impl_file.lo -MD -MP -MF .deps/libutil_la-logger_impl_file.Tpo -c logger_impl_file.cpp  -fPIC -DPIC -o .libs/libutil_la-logger_impl_file.o
mv -f .deps/libutil_la-logger_impl_file.Tpo .deps/libutil_la-logger_impl_file.Plo
/bin/sh ../libtool --tag=CXX   --mode=link g++ -I../include -I/opt/boost/include -pthread -g -O2   -o libutil.la -rpath /home/serge/projects/util/install/lib/util libutil_la-timestamp.lo libutil_la-path.lo libutil_la-high_res_timer.lo libutil_la-logger.lo libutil_la-logger_impl_console.lo libutil_la-logger_impl.lo libutil_la-logger_impl_async_file.lo libutil_la-logger_impl_syslog.lo libutil_la-synch.lo libutil_la-convert.lo libutil_la-url.lo libutil_la-config_validator.lo libutil_la-logger_impl_file.lo  
libtool: link: g++  -fPIC -DPIC -shared -nostdlib /usr/lib/gcc/x86_64-redhat-linux/4.6.2/../../../../lib64/crti.o /usr/lib/gcc/x86_64-redhat-linux/4.6.2/crtbeginS.o  .libs/libutil_la-timestamp.o .libs/libutil_la-path.o .libs/libutil_la-high_res_timer.o .libs/libutil_la-logger.o .libs/libutil_la-logger_impl_console.o .libs/libutil_la-logger_impl.o .libs/libutil_la-logger_impl_async_file.o .libs/libutil_la-logger_impl_syslog.o .libs/libutil_la-synch.o .libs/libutil_la-convert.o .libs/libutil_la-url.o .libs/libutil_la-config_validator.o .libs/libutil_la-logger_impl_file.o   -L/usr/lib/gcc/x86_64-redhat-linux/4.6.2 -L/usr/lib/gcc/x86_64-redhat-linux/4.6.2/../../../../lib64 -L/lib/../lib64 -L/usr/lib/../lib64 -L/usr/lib/gcc/x86_64-redhat-linux/4.6.2/../../.. -lstdc++ -lm -lc -lgcc_s /usr/lib/gcc/x86_64-redhat-linux/4.6.2/crtendS.o /usr/lib/gcc/x86_64-redhat-linux/4.6.2/../../../../lib64/crtn.o  -pthread -O2   -pthread -Wl,-soname -Wl,libutil.so.0 -o .libs/libutil.so.0.0.0
libtool: link: (cd ".libs" && rm -f "libutil.so.0" && ln -s "libutil.so.0.0.0" "libutil.so.0")
libtool: link: (cd ".libs" && rm -f "libutil.so" && ln -s "libutil.so.0.0.0" "libutil.so")
libtool: link: ( cd ".libs" && rm -f "libutil.la" && ln -s "../libutil.la" "libutil.la" )
